<?xml version="1.0" encoding="UTF-8"?>
<!-- Generated by org.testng.reporters.JUnitReportReporter -->
<testsuite hostname="TL0020" failures="0" tests="1" name="testcase.LoginTest" time="6.442" errors="0" timestamp="2023-09-20T13:03:58 IST" skipped="0">
  <testcase classname="testcase.LoginTest" name="runLoginTest" time="6.442"/>
  <system-out/>
</testsuite> <!-- testcase.LoginTest -->
