<?xml version="1.0" encoding="UTF-8"?>
<!-- Generated by org.testng.reporters.JUnitReportReporter -->
<testsuite hostname="TL0020" failures="0" tests="1" name="testcase.CreateLeadTest" time="12.723" errors="0" timestamp="2023-09-20T13:03:58 IST" skipped="0">
  <testcase classname="testcase.CreateLeadTest" name="runCreateLead" time="12.723"/>
  <system-out/>
</testsuite> <!-- testcase.CreateLeadTest -->
